Cloning into '/tmp/algebra-train-59909283'...
Note: switching to 'b4cbf8ecee0806000d642fbdbc73b4fe52433c79'.

You are in 'detached HEAD' state. You can look around, make experimental
changes and commit them, and you can discard any commits you make in this
state without impacting any branches by switching back to a branch.

If you want to create a new branch to retain commits you create, you may
do so (now or later) by using -c with the switch command. Example:

  git switch -c <new-branch-name>

Or undo this operation with:

  git switch -

Turn off this advice by setting config variable advice.detachedHead to false

HEAD is now at b4cbf8e Update algebra-ebm submodule with torch.compile fix
Submodule 'projects/algebra-ebm' (https://github.com/mdkrasnow/algebra-ebm.git) registered for path 'projects/algebra-ebm'
Cloning into '/tmp/algebra-train-59909283/projects/algebra-ebm'...
Detected kernel version 4.18.0, which is below the recommended minimum of 5.5.0; this can cause the process to hang. It is recommended to upgrade the kernel to the minimum version or higher.
/n/home03/mkrasnow/.local/lib/python3.10/site-packages/torch/utils/data/dataloader.py:627: UserWarning: This DataLoader will create 16 worker processes in total. Our suggested max number of worker in current system is 4, which is smaller than what this DataLoader is going to create. Please be aware that excessive worker creation might get DataLoader running slow or even freeze, lower the worker number to avoid potential slowness/freeze if necessary.
  warnings.warn(
Exception ignored in: <function tqdm.__del__ at 0x146f9488b7f0>
Traceback (most recent call last):
  File "/n/sw/Mambaforge-23.11.0-0/lib/python3.10/site-packages/tqdm/std.py", line 1149, in __del__
    self.close()
  File "/n/sw/Mambaforge-23.11.0-0/lib/python3.10/site-packages/tqdm/std.py", line 1278, in close
    if self.last_print_t < self.start_t + self.delay:
AttributeError: 'tqdm_asyncio' object has no attribute 'last_print_t'
Exception ignored in: <_io.TextIOWrapper name='<stdout>' mode='w' encoding='utf-8'>
OSError: [Errno 116] Stale file handle
