Cloning into '/tmp/algebra-train-59907518'...
Note: switching to 'fe9fc6af5202bc1ef234560c6d2d13b7035faffa'.

You are in 'detached HEAD' state. You can look around, make experimental
changes and commit them, and you can discard any commits you make in this
state without impacting any branches by switching back to a branch.

If you want to create a new branch to retain commits you create, you may
do so (now or later) by using -c with the switch command. Example:

  git switch -c <new-branch-name>

Or undo this operation with:

  git switch -

Turn off this advice by setting config variable advice.detachedHead to false

HEAD is now at fe9fc6a Update algebra-ebm submodule to fixed training arguments version
Submodule 'projects/algebra-ebm' (https://github.com/mdkrasnow/algebra-ebm.git) registered for path 'projects/algebra-ebm'
Cloning into '/tmp/algebra-train-59907518/projects/algebra-ebm'...
Detected kernel version 4.18.0, which is below the recommended minimum of 5.5.0; this can cause the process to hang. It is recommended to upgrade the kernel to the minimum version or higher.
/n/home03/mkrasnow/.local/lib/python3.10/site-packages/torch/utils/data/dataloader.py:627: UserWarning: This DataLoader will create 16 worker processes in total. Our suggested max number of worker in current system is 4, which is smaller than what this DataLoader is going to create. Please be aware that excessive worker creation might get DataLoader running slow or even freeze, lower the worker number to avoid potential slowness/freeze if necessary.
  warnings.warn(
  0%|          | 0/50000 [00:00<?, ?it/s]cudagraph partition due to non gpu ops
cudagraph partition into 3 partitions
  0%|          | 0/50000 [01:20<?, ?it/s]
